<?xml version="1.0" encoding="UTF-8"?>
<coverage generated="1656897590142" clover="3.2.0">
  <project timestamp="1656897590142" name="All files">
    <metrics statements="160" coveredstatements="129" conditionals="53" coveredconditionals="30" methods="42" coveredmethods="29" elements="255" coveredelements="188" complexity="0" loc="160" ncloc="160" packages="11" files="31" classes="31"/>
    <package name="components.Button">
      <metrics statements="22" coveredstatements="18" conditionals="12" coveredconditionals="9" methods="5" coveredmethods="2"/>
      <file name="Button-controllers.ts" path="/Users/eduardo/mobile/builders/src/components/Button/Button-controllers.ts">
        <metrics statements="18" coveredstatements="14" conditionals="6" coveredconditionals="3" methods="3" coveredmethods="1"/>
        <line num="10" count="1" type="stmt"/>
        <line num="11" count="2" type="stmt"/>
        <line num="29" count="2" type="stmt"/>
        <line num="31" count="2" type="stmt"/>
        <line num="32" count="2" type="stmt"/>
        <line num="34" count="2" type="cond" truecount="1" falsecount="1"/>
        <line num="35" count="0" type="stmt"/>
        <line num="36" count="0" type="stmt"/>
        <line num="38" count="2" type="cond" truecount="1" falsecount="1"/>
        <line num="39" count="0" type="stmt"/>
        <line num="40" count="0" type="stmt"/>
        <line num="42" count="2" type="cond" truecount="1" falsecount="1"/>
        <line num="43" count="2" type="stmt"/>
        <line num="46" count="2" type="stmt"/>
        <line num="48" count="2" type="stmt"/>
        <line num="50" count="2" type="stmt"/>
        <line num="52" count="2" type="stmt"/>
        <line num="54" count="2" type="stmt"/>
      </file>
      <file name="Button-styles.ts" path="/Users/eduardo/mobile/builders/src/components/Button/Button-styles.ts">
        <metrics statements="1" coveredstatements="1" conditionals="0" coveredconditionals="0" methods="0" coveredmethods="0"/>
        <line num="4" count="1" type="stmt"/>
      </file>
      <file name="Button.tsx" path="/Users/eduardo/mobile/builders/src/components/Button/Button.tsx">
        <metrics statements="3" coveredstatements="3" conditionals="6" coveredconditionals="6" methods="2" coveredmethods="1"/>
        <line num="9" count="1" type="stmt"/>
        <line num="23" count="2" type="stmt"/>
        <line num="31" count="2" type="stmt"/>
      </file>
    </package>
    <package name="components.ClockLabel">
      <metrics statements="14" coveredstatements="14" conditionals="2" coveredconditionals="1" methods="6" coveredmethods="6"/>
      <file name="ClockLabel-controllers.ts" path="/Users/eduardo/mobile/builders/src/components/ClockLabel/ClockLabel-controllers.ts">
        <metrics statements="11" coveredstatements="11" conditionals="2" coveredconditionals="1" methods="5" coveredmethods="5"/>
        <line num="12" count="1" type="stmt"/>
        <line num="13" count="2" type="stmt"/>
        <line num="14" count="2" type="stmt"/>
        <line num="17" count="2" type="stmt"/>
        <line num="19" count="2" type="stmt"/>
        <line num="21" count="2" type="stmt"/>
        <line num="23" count="2" type="stmt"/>
        <line num="25" count="1" type="stmt"/>
        <line num="30" count="2" type="stmt"/>
        <line num="31" count="2" type="stmt"/>
        <line num="34" count="2" type="stmt"/>
      </file>
      <file name="ClockLabel.tsx" path="/Users/eduardo/mobile/builders/src/components/ClockLabel/ClockLabel.tsx">
        <metrics statements="3" coveredstatements="3" conditionals="0" coveredconditionals="0" methods="1" coveredmethods="1"/>
        <line num="8" count="1" type="stmt"/>
        <line num="12" count="2" type="stmt"/>
        <line num="14" count="2" type="stmt"/>
      </file>
    </package>
    <package name="components.IconButton">
      <metrics statements="14" coveredstatements="13" conditionals="11" coveredconditionals="8" methods="3" coveredmethods="2"/>
      <file name="IconButton-consts.ts" path="/Users/eduardo/mobile/builders/src/components/IconButton/IconButton-consts.ts">
        <metrics statements="1" coveredstatements="1" conditionals="0" coveredconditionals="0" methods="0" coveredmethods="0"/>
        <line num="1" count="1" type="stmt"/>
      </file>
      <file name="IconButton-controllers.ts" path="/Users/eduardo/mobile/builders/src/components/IconButton/IconButton-controllers.ts">
        <metrics statements="5" coveredstatements="5" conditionals="3" coveredconditionals="2" methods="1" coveredmethods="1"/>
        <line num="10" count="1" type="stmt"/>
        <line num="23" count="11" type="stmt"/>
        <line num="25" count="11" type="stmt"/>
        <line num="27" count="11" type="stmt"/>
        <line num="29" count="11" type="stmt"/>
      </file>
      <file name="IconButton-styles.ts" path="/Users/eduardo/mobile/builders/src/components/IconButton/IconButton-styles.ts">
        <metrics statements="1" coveredstatements="1" conditionals="0" coveredconditionals="0" methods="0" coveredmethods="0"/>
        <line num="3" count="1" type="stmt"/>
      </file>
      <file name="IconButton.tsx" path="/Users/eduardo/mobile/builders/src/components/IconButton/IconButton.tsx">
        <metrics statements="7" coveredstatements="6" conditionals="8" coveredconditionals="6" methods="2" coveredmethods="1"/>
        <line num="11" count="1" type="stmt"/>
        <line num="21" count="11" type="stmt"/>
        <line num="30" count="11" type="stmt"/>
        <line num="31" count="0" type="stmt"/>
        <line num="34" count="11" type="cond" truecount="1" falsecount="1"/>
        <line num="35" count="11" type="stmt"/>
        <line num="37" count="11" type="stmt"/>
      </file>
    </package>
    <package name="components.Label">
      <metrics statements="11" coveredstatements="11" conditionals="3" coveredconditionals="3" methods="2" coveredmethods="2"/>
      <file name="Label-consts.ts" path="/Users/eduardo/mobile/builders/src/components/Label/Label-consts.ts">
        <metrics statements="1" coveredstatements="1" conditionals="0" coveredconditionals="0" methods="0" coveredmethods="0"/>
        <line num="1" count="5" type="stmt"/>
      </file>
      <file name="Label-controllers.ts" path="/Users/eduardo/mobile/builders/src/components/Label/Label-controllers.ts">
        <metrics statements="6" coveredstatements="6" conditionals="0" coveredconditionals="0" methods="1" coveredmethods="1"/>
        <line num="7" count="5" type="stmt"/>
        <line num="13" count="28" type="stmt"/>
        <line num="15" count="28" type="stmt"/>
        <line num="17" count="28" type="stmt"/>
        <line num="19" count="28" type="stmt"/>
        <line num="21" count="28" type="stmt"/>
      </file>
      <file name="Label-styles.ts" path="/Users/eduardo/mobile/builders/src/components/Label/Label-styles.ts">
        <metrics statements="1" coveredstatements="1" conditionals="0" coveredconditionals="0" methods="0" coveredmethods="0"/>
        <line num="3" count="5" type="stmt"/>
      </file>
      <file name="Label-types.ts" path="/Users/eduardo/mobile/builders/src/components/Label/Label-types.ts">
        <metrics statements="0" coveredstatements="0" conditionals="0" coveredconditionals="0" methods="0" coveredmethods="0"/>
      </file>
      <file name="Label.tsx" path="/Users/eduardo/mobile/builders/src/components/Label/Label.tsx">
        <metrics statements="3" coveredstatements="3" conditionals="3" coveredconditionals="3" methods="1" coveredmethods="1"/>
        <line num="7" count="5" type="cond" truecount="3" falsecount="0"/>
        <line num="10" count="28" type="stmt"/>
        <line num="12" count="28" type="stmt"/>
      </file>
      <file name="index.ts" path="/Users/eduardo/mobile/builders/src/components/Label/index.ts">
        <metrics statements="0" coveredstatements="0" conditionals="0" coveredconditionals="0" methods="0" coveredmethods="0"/>
      </file>
    </package>
    <package name="components.List.Header">
      <metrics statements="8" coveredstatements="8" conditionals="1" coveredconditionals="0" methods="2" coveredmethods="2"/>
      <file name="Header-consts.ts" path="/Users/eduardo/mobile/builders/src/components/List/Header/Header-consts.ts">
        <metrics statements="1" coveredstatements="1" conditionals="0" coveredconditionals="0" methods="0" coveredmethods="0"/>
        <line num="1" count="1" type="stmt"/>
      </file>
      <file name="Header-controllers.ts" path="/Users/eduardo/mobile/builders/src/components/List/Header/Header-controllers.ts">
        <metrics statements="3" coveredstatements="3" conditionals="0" coveredconditionals="0" methods="1" coveredmethods="1"/>
        <line num="3" count="1" type="stmt"/>
        <line num="6" count="3" type="stmt"/>
        <line num="8" count="3" type="stmt"/>
      </file>
      <file name="Header-styles.ts" path="/Users/eduardo/mobile/builders/src/components/List/Header/Header-styles.ts">
        <metrics statements="1" coveredstatements="1" conditionals="0" coveredconditionals="0" methods="0" coveredmethods="0"/>
        <line num="3" count="1" type="stmt"/>
      </file>
      <file name="Header.tsx" path="/Users/eduardo/mobile/builders/src/components/List/Header/Header.tsx">
        <metrics statements="3" coveredstatements="3" conditionals="1" coveredconditionals="0" methods="1" coveredmethods="1"/>
        <line num="6" count="1" type="cond" truecount="0" falsecount="1"/>
        <line num="9" count="3" type="stmt"/>
        <line num="11" count="3" type="stmt"/>
      </file>
    </package>
    <package name="components.TempIndicator">
      <metrics statements="9" coveredstatements="9" conditionals="0" coveredconditionals="0" methods="2" coveredmethods="2"/>
      <file name="TempIndicator-consts.ts" path="/Users/eduardo/mobile/builders/src/components/TempIndicator/TempIndicator-consts.ts">
        <metrics statements="1" coveredstatements="1" conditionals="0" coveredconditionals="0" methods="0" coveredmethods="0"/>
        <line num="1" count="1" type="stmt"/>
      </file>
      <file name="TempIndicator-controllers.ts" path="/Users/eduardo/mobile/builders/src/components/TempIndicator/TempIndicator-controllers.ts">
        <metrics statements="4" coveredstatements="4" conditionals="0" coveredconditionals="0" methods="1" coveredmethods="1"/>
        <line num="8" count="1" type="stmt"/>
        <line num="11" count="4" type="stmt"/>
        <line num="13" count="4" type="stmt"/>
        <line num="15" count="4" type="stmt"/>
      </file>
      <file name="TempIndicator-styles.ts" path="/Users/eduardo/mobile/builders/src/components/TempIndicator/TempIndicator-styles.ts">
        <metrics statements="1" coveredstatements="1" conditionals="0" coveredconditionals="0" methods="0" coveredmethods="0"/>
        <line num="3" count="1" type="stmt"/>
      </file>
      <file name="TempIndicator.tsx" path="/Users/eduardo/mobile/builders/src/components/TempIndicator/TempIndicator.tsx">
        <metrics statements="3" coveredstatements="3" conditionals="0" coveredconditionals="0" methods="1" coveredmethods="1"/>
        <line num="11" count="1" type="stmt"/>
        <line num="14" count="4" type="stmt"/>
        <line num="16" count="4" type="stmt"/>
      </file>
    </package>
    <package name="hooks">
      <metrics statements="23" coveredstatements="23" conditionals="4" coveredconditionals="1" methods="11" coveredmethods="9"/>
      <file name="useConstructor.ts" path="/Users/eduardo/mobile/builders/src/hooks/useConstructor.ts">
        <metrics statements="7" coveredstatements="7" conditionals="3" coveredconditionals="1" methods="2" coveredmethods="1"/>
        <line num="10" count="1" type="cond" truecount="0" falsecount="1"/>
        <line num="11" count="2" type="stmt"/>
        <line num="12" count="2" type="stmt"/>
        <line num="14" count="2" type="cond" truecount="1" falsecount="1"/>
        <line num="16" count="2" type="stmt"/>
        <line num="17" count="2" type="stmt"/>
        <line num="19" count="2" type="stmt"/>
      </file>
      <file name="useInterval.ts" path="/Users/eduardo/mobile/builders/src/hooks/useInterval.ts">
        <metrics statements="9" coveredstatements="9" conditionals="1" coveredconditionals="0" methods="6" coveredmethods="5"/>
        <line num="11" count="1" type="cond" truecount="0" falsecount="1"/>
        <line num="12" count="2" type="stmt"/>
        <line num="13" count="2" type="stmt"/>
        <line num="15" count="2" type="stmt"/>
        <line num="16" count="2" type="stmt"/>
        <line num="19" count="2" type="stmt"/>
        <line num="20" count="2" type="stmt"/>
        <line num="21" count="2" type="stmt"/>
        <line num="24" count="2" type="stmt"/>
      </file>
      <file name="useMounted.ts" path="/Users/eduardo/mobile/builders/src/hooks/useMounted.ts">
        <metrics statements="7" coveredstatements="7" conditionals="0" coveredconditionals="0" methods="3" coveredmethods="3"/>
        <line num="9" count="1" type="stmt"/>
        <line num="10" count="2" type="stmt"/>
        <line num="12" count="2" type="stmt"/>
        <line num="13" count="2" type="stmt"/>
        <line num="14" count="2" type="stmt"/>
        <line num="15" count="2" type="stmt"/>
        <line num="19" count="2" type="stmt"/>
      </file>
    </package>
    <package name="utils">
      <metrics statements="14" coveredstatements="6" conditionals="6" coveredconditionals="0" methods="4" coveredmethods="0"/>
      <file name="index.ts" path="/Users/eduardo/mobile/builders/src/utils/index.ts">
        <metrics statements="14" coveredstatements="6" conditionals="6" coveredconditionals="0" methods="4" coveredmethods="0"/>
        <line num="4" count="1" type="stmt"/>
        <line num="9" count="1" type="stmt"/>
        <line num="14" count="1" type="cond" truecount="0" falsecount="2"/>
        <line num="15" count="0" type="stmt"/>
        <line num="18" count="1" type="stmt"/>
        <line num="19" count="0" type="stmt"/>
        <line num="20" count="0" type="stmt"/>
        <line num="21" count="0" type="stmt"/>
        <line num="24" count="1" type="stmt"/>
        <line num="25" count="0" type="cond" truecount="0" falsecount="2"/>
        <line num="26" count="0" type="stmt"/>
        <line num="29" count="1" type="stmt"/>
        <line num="30" count="0" type="cond" truecount="0" falsecount="2"/>
        <line num="31" count="0" type="stmt"/>
      </file>
    </package>
    <package name="utils.colors">
      <metrics statements="1" coveredstatements="1" conditionals="0" coveredconditionals="0" methods="0" coveredmethods="0"/>
      <file name="colors-consts.ts" path="/Users/eduardo/mobile/builders/src/utils/colors/colors-consts.ts">
        <metrics statements="1" coveredstatements="1" conditionals="0" coveredconditionals="0" methods="0" coveredmethods="0"/>
        <line num="3" count="1" type="stmt"/>
      </file>
    </package>
    <package name="utils.date">
      <metrics statements="25" coveredstatements="11" conditionals="0" coveredconditionals="0" methods="5" coveredmethods="2"/>
      <file name="date-utils.ts" path="/Users/eduardo/mobile/builders/src/utils/date/date-utils.ts">
        <metrics statements="25" coveredstatements="11" conditionals="0" coveredconditionals="0" methods="5" coveredmethods="2"/>
        <line num="1" count="1" type="stmt"/>
        <line num="2" count="0" type="stmt"/>
        <line num="5" count="1" type="stmt"/>
        <line num="6" count="3" type="stmt"/>
        <line num="8" count="3" type="stmt"/>
        <line num="10" count="3" type="stmt"/>
        <line num="11" count="3" type="stmt"/>
        <line num="13" count="3" type="stmt"/>
        <line num="16" count="1" type="stmt"/>
        <line num="17" count="0" type="stmt"/>
        <line num="19" count="0" type="stmt"/>
        <line num="20" count="0" type="stmt"/>
        <line num="22" count="0" type="stmt"/>
        <line num="25" count="1" type="stmt"/>
        <line num="26" count="2" type="stmt"/>
        <line num="29" count="1" type="stmt"/>
        <line num="30" count="0" type="stmt"/>
        <line num="32" count="0" type="stmt"/>
        <line num="33" count="0" type="stmt"/>
        <line num="35" count="0" type="stmt"/>
        <line num="36" count="0" type="stmt"/>
        <line num="37" count="0" type="stmt"/>
        <line num="39" count="0" type="stmt"/>
        <line num="40" count="0" type="stmt"/>
        <line num="42" count="0" type="stmt"/>
      </file>
    </package>
    <package name="utils.style">
      <metrics statements="19" coveredstatements="15" conditionals="14" coveredconditionals="8" methods="2" coveredmethods="2"/>
      <file name="style-consts.ts" path="/Users/eduardo/mobile/builders/src/utils/style/style-consts.ts">
        <metrics statements="1" coveredstatements="1" conditionals="0" coveredconditionals="0" methods="0" coveredmethods="0"/>
        <line num="1" count="6" type="stmt"/>
      </file>
      <file name="style-utils.ts" path="/Users/eduardo/mobile/builders/src/utils/style/style-utils.ts">
        <metrics statements="18" coveredstatements="14" conditionals="14" coveredconditionals="8" methods="2" coveredmethods="2"/>
        <line num="14" count="6" type="stmt"/>
        <line num="19" count="47" type="cond" truecount="4" falsecount="0"/>
        <line num="20" count="3" type="stmt"/>
        <line num="22" count="3" type="cond" truecount="1" falsecount="1"/>
        <line num="23" count="0" type="cond" truecount="0" falsecount="2"/>
        <line num="24" count="0" type="stmt"/>
        <line num="28" count="3" type="cond" truecount="1" falsecount="1"/>
        <line num="29" count="3" type="stmt"/>
        <line num="30" count="3" type="cond" truecount="1" falsecount="1"/>
        <line num="31" count="3" type="stmt"/>
        <line num="34" count="3" type="stmt"/>
        <line num="35" count="3" type="stmt"/>
        <line num="36" count="9" type="cond" truecount="1" falsecount="1"/>
        <line num="37" count="0" type="stmt"/>
        <line num="45" count="9" type="stmt"/>
        <line num="47" count="3" type="stmt"/>
        <line num="49" count="0" type="stmt"/>
        <line num="51" count="44" type="stmt"/>
      </file>
    </package>
  </project>
</coverage>
