{"/Users/eduardo/mobile/builders/src/components/IconButton/IconButton-consts.ts": {"path":"/Users/eduardo/mobile/builders/src/components/IconButton/IconButton-consts.ts","statementMap":{"0":{"start":{"line":1,"column":27},"end":{"line":7,"column":1}}},"fnMap":{},"branchMap":{},"s":{"0":2},"f":{},"b":{},"_coverageSchema":"1a1c01bbd47fc00a2c39e90264f33305004495a9","hash":"3de56b758d4d93621c1606375f854faac0ce1e56"}
,"/Users/eduardo/mobile/builders/src/components/IconButton/IconButton-types.ts": {"path":"/Users/eduardo/mobile/builders/src/components/IconButton/IconButton-types.ts","statementMap":{},"fnMap":{},"branchMap":{},"s":{},"f":{},"b":{},"_coverageSchema":"1a1c01bbd47fc00a2c39e90264f33305004495a9","hash":"7edef1fa01bc3be42c32cf178f4b306b80086b3e"}
,"/Users/eduardo/mobile/builders/src/components/IconButton/IconButton.tsx": {"path":"/Users/eduardo/mobile/builders/src/components/IconButton/IconButton.tsx","statementMap":{"0":{"start":{"line":8,"column":19},"end":{"line":44,"column":1}},"1":{"start":{"line":21,"column":8},"end":{"line":25,"column":6}},"2":{"start":{"line":27,"column":17},"end":{"line":27,"column":21}},"3":{"start":{"line":29,"column":4},"end":{"line":41,"column":6}}},"fnMap":{"0":{"name":"(anonymous_0)","decl":{"start":{"line":9,"column":2},"end":{"line":9,"column":3}},"loc":{"start":{"line":17,"column":38},"end":{"line":42,"column":3}},"line":17}},"branchMap":{"0":{"loc":{"start":{"line":12,"column":4},"end":{"line":12,"column":18}},"type":"default-arg","locations":[{"start":{"line":12,"column":11},"end":{"line":12,"column":18}}],"line":12},"1":{"loc":{"start":{"line":13,"column":4},"end":{"line":13,"column":18}},"type":"default-arg","locations":[{"start":{"line":13,"column":12},"end":{"line":13,"column":18}}],"line":13},"2":{"loc":{"start":{"line":14,"column":4},"end":{"line":14,"column":19}},"type":"default-arg","locations":[{"start":{"line":14,"column":14},"end":{"line":14,"column":19}}],"line":14},"3":{"loc":{"start":{"line":15,"column":4},"end":{"line":15,"column":21}},"type":"default-arg","locations":[{"start":{"line":15,"column":12},"end":{"line":15,"column":21}}],"line":15},"4":{"loc":{"start":{"line":31,"column":9},"end":{"line":39,"column":9}},"type":"cond-expr","locations":[{"start":{"line":32,"column":10},"end":{"line":36,"column":12}},{"start":{"line":38,"column":10},"end":{"line":38,"column":67}}],"line":31}},"s":{"0":2,"1":19,"2":19,"3":19},"f":{"0":19},"b":{"0":[4],"1":[17],"2":[11],"3":[17],"4":[7,12]},"_coverageSchema":"1a1c01bbd47fc00a2c39e90264f33305004495a9","hash":"1d3b04f2da37b79c7b7227d00d15a1e4459fcb67"}
,"/Users/eduardo/mobile/builders/src/components/Label/Label-consts.ts": {"path":"/Users/eduardo/mobile/builders/src/components/Label/Label-consts.ts","statementMap":{"0":{"start":{"line":1,"column":21},"end":{"line":5,"column":1}}},"fnMap":{},"branchMap":{},"s":{"0":4},"f":{},"b":{},"_coverageSchema":"1a1c01bbd47fc00a2c39e90264f33305004495a9","hash":"e8b7cafbfaf0f31c81d62546c93310ab84582e1b"}
,"/Users/eduardo/mobile/builders/src/components/Label/Label-types.ts": {"path":"/Users/eduardo/mobile/builders/src/components/Label/Label-types.ts","statementMap":{},"fnMap":{},"branchMap":{},"s":{},"f":{},"b":{},"_coverageSchema":"1a1c01bbd47fc00a2c39e90264f33305004495a9","hash":"99586a88467a78fa12e534239c99e9202d6d7749"}
,"/Users/eduardo/mobile/builders/src/components/Label/Label.tsx": {"path":"/Users/eduardo/mobile/builders/src/components/Label/Label.tsx","statementMap":{"0":{"start":{"line":7,"column":14},"end":{"line":17,"column":1}},"1":{"start":{"line":10,"column":6},"end":{"line":10,"column":37}},"2":{"start":{"line":12,"column":2},"end":{"line":16,"column":4}}},"fnMap":{"0":{"name":"(anonymous_0)","decl":{"start":{"line":7,"column":14},"end":{"line":7,"column":15}},"loc":{"start":{"line":7,"column":117},"end":{"line":17,"column":1}},"line":7}},"branchMap":{"0":{"loc":{"start":{"line":7,"column":27},"end":{"line":7,"column":41}},"type":"default-arg","locations":[{"start":{"line":7,"column":35},"end":{"line":7,"column":41}}],"line":7},"1":{"loc":{"start":{"line":7,"column":43},"end":{"line":7,"column":57}},"type":"default-arg","locations":[{"start":{"line":7,"column":50},"end":{"line":7,"column":57}}],"line":7},"2":{"loc":{"start":{"line":7,"column":59},"end":{"line":7,"column":76}},"type":"default-arg","locations":[{"start":{"line":7,"column":67},"end":{"line":7,"column":76}}],"line":7}},"s":{"0":4,"1":30,"2":30},"f":{"0":30},"b":{"0":[27],"1":[15],"2":[27]},"_coverageSchema":"1a1c01bbd47fc00a2c39e90264f33305004495a9","hash":"462a8e1c2f9a991ffd4bace4d4d86acd23ecca69"}
,"/Users/eduardo/mobile/builders/src/components/List/Header/Header-consts.ts": {"path":"/Users/eduardo/mobile/builders/src/components/List/Header/Header-consts.ts","statementMap":{"0":{"start":{"line":1,"column":22},"end":{"line":5,"column":1}}},"fnMap":{},"branchMap":{},"s":{"0":1},"f":{},"b":{},"_coverageSchema":"1a1c01bbd47fc00a2c39e90264f33305004495a9","hash":"76a2fe434e4631824bf392c4f1c7fa6a6cf062f8"}
,"/Users/eduardo/mobile/builders/src/components/List/Header/Header-controllers.ts": {"path":"/Users/eduardo/mobile/builders/src/components/List/Header/Header-controllers.ts","statementMap":{"0":{"start":{"line":3,"column":31},"end":{"line":13,"column":1}},"1":{"start":{"line":6,"column":6},"end":{"line":6,"column":18}},"2":{"start":{"line":8,"column":2},"end":{"line":12,"column":4}}},"fnMap":{"0":{"name":"(anonymous_0)","decl":{"start":{"line":3,"column":31},"end":{"line":3,"column":32}},"loc":{"start":{"line":3,"column":37},"end":{"line":13,"column":1}},"line":3}},"branchMap":{},"s":{"0":1,"1":3,"2":3},"f":{"0":3},"b":{},"_coverageSchema":"1a1c01bbd47fc00a2c39e90264f33305004495a9","hash":"3b136fec405805376d7a3fcf9417b02c593672c8"}
,"/Users/eduardo/mobile/builders/src/components/List/Header/Header-styles.ts": {"path":"/Users/eduardo/mobile/builders/src/components/List/Header/Header-styles.ts","statementMap":{"0":{"start":{"line":3,"column":42},"end":{"line":11,"column":1}}},"fnMap":{},"branchMap":{},"s":{"0":1},"f":{},"b":{},"_coverageSchema":"1a1c01bbd47fc00a2c39e90264f33305004495a9","hash":"e63a6ece1dff7e461c9e310bf61155702e010b6c"}
,"/Users/eduardo/mobile/builders/src/components/List/Header/Header.tsx": {"path":"/Users/eduardo/mobile/builders/src/components/List/Header/Header.tsx","statementMap":{"0":{"start":{"line":6,"column":15},"end":{"line":16,"column":1}},"1":{"start":{"line":9,"column":6},"end":{"line":9,"column":23}},"2":{"start":{"line":11,"column":2},"end":{"line":15,"column":4}}},"fnMap":{"0":{"name":"(anonymous_0)","decl":{"start":{"line":6,"column":15},"end":{"line":6,"column":16}},"loc":{"start":{"line":6,"column":35},"end":{"line":16,"column":1}},"line":6}},"branchMap":{"0":{"loc":{"start":{"line":6,"column":18},"end":{"line":6,"column":28}},"type":"default-arg","locations":[{"start":{"line":6,"column":26},"end":{"line":6,"column":28}}],"line":6}},"s":{"0":1,"1":3,"2":3},"f":{"0":3},"b":{"0":[0]},"_coverageSchema":"1a1c01bbd47fc00a2c39e90264f33305004495a9","hash":"e9b253df399671ca24e8eb9f9c1dc589183add36"}
,"/Users/eduardo/mobile/builders/src/components/List/Item/Item-consts.ts": {"path":"/Users/eduardo/mobile/builders/src/components/List/Item/Item-consts.ts","statementMap":{"0":{"start":{"line":1,"column":20},"end":{"line":8,"column":1}}},"fnMap":{},"branchMap":{},"s":{"0":1},"f":{},"b":{},"_coverageSchema":"1a1c01bbd47fc00a2c39e90264f33305004495a9","hash":"a7637c54fd9fa0a5bee5fe4c13947d3e97fac643"}
,"/Users/eduardo/mobile/builders/src/components/List/Item/Item-controllers.ts": {"path":"/Users/eduardo/mobile/builders/src/components/List/Item/Item-controllers.ts","statementMap":{"0":{"start":{"line":7,"column":29},"end":{"line":30,"column":1}},"1":{"start":{"line":10,"column":6},"end":{"line":10,"column":16}},"2":{"start":{"line":12,"column":16},"end":{"line":12,"column":39}},"3":{"start":{"line":13,"column":15},"end":{"line":13,"column":40}},"4":{"start":{"line":15,"column":17},"end":{"line":15,"column":58}},"5":{"start":{"line":16,"column":17},"end":{"line":16,"column":42}},"6":{"start":{"line":18,"column":19},"end":{"line":18,"column":103}},"7":{"start":{"line":20,"column":2},"end":{"line":29,"column":4}}},"fnMap":{"0":{"name":"(anonymous_0)","decl":{"start":{"line":7,"column":29},"end":{"line":7,"column":30}},"loc":{"start":{"line":7,"column":80},"end":{"line":30,"column":1}},"line":7}},"branchMap":{"0":{"loc":{"start":{"line":16,"column":17},"end":{"line":16,"column":42}},"type":"cond-expr","locations":[{"start":{"line":16,"column":30},"end":{"line":16,"column":34}},{"start":{"line":16,"column":37},"end":{"line":16,"column":42}}],"line":16}},"s":{"0":1,"1":2,"2":2,"3":2,"4":2,"5":2,"6":2,"7":2},"f":{"0":2},"b":{"0":[0,2]},"_coverageSchema":"1a1c01bbd47fc00a2c39e90264f33305004495a9","hash":"881eeba97c31ea74cab25ae3906f51b732d7ddf3"}
,"/Users/eduardo/mobile/builders/src/components/List/Item/Item-styles.ts": {"path":"/Users/eduardo/mobile/builders/src/components/List/Item/Item-styles.ts","statementMap":{"0":{"start":{"line":3,"column":38},"end":{"line":17,"column":1}}},"fnMap":{},"branchMap":{},"s":{"0":1},"f":{},"b":{},"_coverageSchema":"1a1c01bbd47fc00a2c39e90264f33305004495a9","hash":"f0bed5c28360a441dcb8467314af65c3b74c5e32"}
,"/Users/eduardo/mobile/builders/src/components/List/Item/Item.tsx": {"path":"/Users/eduardo/mobile/builders/src/components/List/Item/Item.tsx","statementMap":{"0":{"start":{"line":17,"column":13},"end":{"line":43,"column":21}},"1":{"start":{"line":21,"column":6},"end":{"line":21,"column":29}},"2":{"start":{"line":23,"column":2},"end":{"line":42,"column":4}}},"fnMap":{"0":{"name":"(anonymous_0)","decl":{"start":{"line":17,"column":18},"end":{"line":17,"column":19}},"loc":{"start":{"line":17,"column":63},"end":{"line":43,"column":1}},"line":17}},"branchMap":{},"s":{"0":1,"1":2,"2":2},"f":{"0":2},"b":{},"_coverageSchema":"1a1c01bbd47fc00a2c39e90264f33305004495a9","hash":"e19e434157205d62b80f02eea0e8bc37741bab80"}
,"/Users/eduardo/mobile/builders/src/components/TempIndicator/TempIndicator-consts.ts": {"path":"/Users/eduardo/mobile/builders/src/components/TempIndicator/TempIndicator-consts.ts","statementMap":{"0":{"start":{"line":1,"column":30},"end":{"line":12,"column":1}}},"fnMap":{},"branchMap":{},"s":{"0":2},"f":{},"b":{},"_coverageSchema":"1a1c01bbd47fc00a2c39e90264f33305004495a9","hash":"01429c755c49c7c87d11114ff1a8d278ef5919b9"}
,"/Users/eduardo/mobile/builders/src/components/TempIndicator/TempIndicator-controllers.ts": {"path":"/Users/eduardo/mobile/builders/src/components/TempIndicator/TempIndicator-controllers.ts","statementMap":{"0":{"start":{"line":3,"column":38},"end":{"line":14,"column":1}},"1":{"start":{"line":6,"column":6},"end":{"line":6,"column":25}},"2":{"start":{"line":8,"column":2},"end":{"line":13,"column":4}}},"fnMap":{"0":{"name":"(anonymous_0)","decl":{"start":{"line":3,"column":38},"end":{"line":3,"column":39}},"loc":{"start":{"line":3,"column":44},"end":{"line":14,"column":1}},"line":3}},"branchMap":{},"s":{"0":2,"1":6,"2":6},"f":{"0":6},"b":{},"_coverageSchema":"1a1c01bbd47fc00a2c39e90264f33305004495a9","hash":"cf3aade06eb5d07f07d42236cb55f24576aed7a9"}
,"/Users/eduardo/mobile/builders/src/components/TempIndicator/TempIndicator-styles.ts": {"path":"/Users/eduardo/mobile/builders/src/components/TempIndicator/TempIndicator-styles.ts","statementMap":{"0":{"start":{"line":3,"column":56},"end":{"line":16,"column":1}}},"fnMap":{},"branchMap":{},"s":{"0":2},"f":{},"b":{},"_coverageSchema":"1a1c01bbd47fc00a2c39e90264f33305004495a9","hash":"91aac3ccd38657e2f4e2ffa7f78e4c7ee848ab2c"}
,"/Users/eduardo/mobile/builders/src/components/TempIndicator/TempIndicator.tsx": {"path":"/Users/eduardo/mobile/builders/src/components/TempIndicator/TempIndicator.tsx","statementMap":{"0":{"start":{"line":12,"column":22},"end":{"line":30,"column":1}},"1":{"start":{"line":15,"column":6},"end":{"line":15,"column":30}},"2":{"start":{"line":17,"column":2},"end":{"line":29,"column":4}}},"fnMap":{"0":{"name":"(anonymous_0)","decl":{"start":{"line":12,"column":22},"end":{"line":12,"column":23}},"loc":{"start":{"line":12,"column":82},"end":{"line":30,"column":1}},"line":12}},"branchMap":{},"s":{"0":2,"1":6,"2":6},"f":{"0":6},"b":{},"_coverageSchema":"1a1c01bbd47fc00a2c39e90264f33305004495a9","hash":"e86525a7a0b26a1f550043e026dfd42153199e82"}
,"/Users/eduardo/mobile/builders/src/contexts/Time/Time-utils.ts": {"path":"/Users/eduardo/mobile/builders/src/contexts/Time/Time-utils.ts","statementMap":{"0":{"start":{"line":3,"column":25},"end":{"line":8,"column":1}},"1":{"start":{"line":4,"column":16},"end":{"line":4,"column":57}},"2":{"start":{"line":5,"column":16},"end":{"line":5,"column":40}},"3":{"start":{"line":7,"column":2},"end":{"line":7,"column":33}},"4":{"start":{"line":10,"column":33},"end":{"line":26,"column":1}},"5":{"start":{"line":11,"column":2},"end":{"line":11,"column":19}},"6":{"start":{"line":11,"column":12},"end":{"line":11,"column":19}},"7":{"start":{"line":13,"column":16},"end":{"line":13,"column":30}},"8":{"start":{"line":15,"column":15},"end":{"line":15,"column":51}},"9":{"start":{"line":16,"column":15},"end":{"line":16,"column":50}},"10":{"start":{"line":18,"column":15},"end":{"line":18,"column":30}},"11":{"start":{"line":19,"column":13},"end":{"line":19,"column":28}},"12":{"start":{"line":20,"column":13},"end":{"line":20,"column":28}},"13":{"start":{"line":22,"column":12},"end":{"line":22,"column":27}},"14":{"start":{"line":23,"column":12},"end":{"line":23,"column":27}},"15":{"start":{"line":25,"column":2},"end":{"line":25,"column":38}}},"fnMap":{"0":{"name":"(anonymous_0)","decl":{"start":{"line":3,"column":25},"end":{"line":3,"column":26}},"loc":{"start":{"line":3,"column":50},"end":{"line":8,"column":1}},"line":3},"1":{"name":"(anonymous_1)","decl":{"start":{"line":10,"column":33},"end":{"line":10,"column":34}},"loc":{"start":{"line":10,"column":68},"end":{"line":26,"column":1}},"line":10}},"branchMap":{"0":{"loc":{"start":{"line":4,"column":16},"end":{"line":4,"column":57}},"type":"binary-expr","locations":[{"start":{"line":4,"column":16},"end":{"line":4,"column":32}},{"start":{"line":4,"column":36},"end":{"line":4,"column":57}}],"line":4},"1":{"loc":{"start":{"line":5,"column":16},"end":{"line":5,"column":40}},"type":"binary-expr","locations":[{"start":{"line":5,"column":16},"end":{"line":5,"column":26}},{"start":{"line":5,"column":30},"end":{"line":5,"column":40}}],"line":5},"2":{"loc":{"start":{"line":7,"column":9},"end":{"line":7,"column":32}},"type":"cond-expr","locations":[{"start":{"line":7,"column":17},"end":{"line":7,"column":22}},{"start":{"line":7,"column":25},"end":{"line":7,"column":32}}],"line":7},"3":{"loc":{"start":{"line":11,"column":2},"end":{"line":11,"column":19}},"type":"if","locations":[{"start":{"line":11,"column":2},"end":{"line":11,"column":19}},{"start":{},"end":{}}],"line":11}},"s":{"0":1,"1":2,"2":2,"3":2,"4":1,"5":2,"6":2,"7":0,"8":0,"9":0,"10":0,"11":0,"12":0,"13":0,"14":0,"15":0},"f":{"0":2,"1":2},"b":{"0":[2,2],"1":[2,0],"2":[0,2],"3":[2,0]},"_coverageSchema":"1a1c01bbd47fc00a2c39e90264f33305004495a9","hash":"ebb046c4c6223e61dce8a570186fb941471237f7"}
}
