TN:
SF:src/components/Button/Button-controllers.ts
FN:10,(anonymous_0)
FN:48,(anonymous_1)
FN:50,(anonymous_2)
FNF:3
FNH:1
FNDA:2,(anonymous_0)
FNDA:0,(anonymous_1)
FNDA:0,(anonymous_2)
DA:10,1
DA:11,2
DA:29,2
DA:31,2
DA:32,2
DA:34,2
DA:35,0
DA:36,0
DA:38,2
DA:39,0
DA:40,0
DA:42,2
DA:43,2
DA:46,2
DA:48,2
DA:50,2
DA:52,2
DA:54,2
LF:18
LH:14
BRDA:34,0,0,0
BRDA:34,0,1,2
BRDA:38,1,0,0
BRDA:38,1,1,2
BRDA:42,2,0,2
BRDA:42,2,1,0
BRF:6
BRH:3
end_of_record
TN:
SF:src/components/Button/Button-styles.ts
FNF:0
FNH:0
DA:4,1
LF:1
LH:1
BRF:0
BRH:0
end_of_record
TN:
SF:src/components/Button/Button.tsx
FN:9,(anonymous_0)
FN:15,(anonymous_1)
FNF:2
FNH:1
FNDA:2,(anonymous_0)
FNDA:0,(anonymous_1)
DA:9,1
DA:23,2
DA:31,2
LF:3
LH:3
BRDA:11,0,0,2
BRDA:12,1,0,2
BRDA:13,2,0,2
BRDA:14,3,0,2
BRDA:15,4,0,2
BRDA:16,5,0,2
BRF:6
BRH:6
end_of_record
TN:
SF:src/components/ClockLabel/ClockLabel-controllers.ts
FN:12,(anonymous_0)
FN:13,(anonymous_1)
FN:24,(anonymous_2)
FN:30,(anonymous_3)
FN:31,(anonymous_4)
FNF:5
FNH:5
FNDA:2,(anonymous_0)
FNDA:2,(anonymous_1)
FNDA:1,(anonymous_2)
FNDA:2,(anonymous_3)
FNDA:2,(anonymous_4)
DA:12,1
DA:13,2
DA:14,2
DA:17,2
DA:19,2
DA:21,2
DA:23,2
DA:25,1
DA:30,2
DA:31,2
DA:34,2
LF:11
LH:11
BRDA:27,0,0,0
BRDA:27,0,1,2
BRF:2
BRH:1
end_of_record
TN:
SF:src/components/ClockLabel/ClockLabel.tsx
FN:8,(anonymous_0)
FNF:1
FNH:1
FNDA:2,(anonymous_0)
DA:8,1
DA:12,2
DA:14,2
LF:3
LH:3
BRF:0
BRH:0
end_of_record
TN:
SF:src/components/IconButton/IconButton-consts.ts
FNF:0
FNH:0
DA:1,1
LF:1
LH:1
BRF:0
BRH:0
end_of_record
TN:
SF:src/components/IconButton/IconButton-controllers.ts
FN:10,(anonymous_0)
FNF:1
FNH:1
FNDA:11,(anonymous_0)
DA:10,1
DA:23,11
DA:25,11
DA:27,11
DA:29,11
LF:5
LH:5
BRDA:32,0,0,11
BRDA:32,0,1,11
BRDA:32,0,2,0
BRF:3
BRH:2
end_of_record
TN:
SF:src/components/IconButton/IconButton-styles.ts
FNF:0
FNH:0
DA:3,1
LF:1
LH:1
BRF:0
BRH:0
end_of_record
TN:
SF:src/components/IconButton/IconButton.tsx
FN:13,(anonymous_0)
FN:30,(anonymous_1)
FNF:2
FNH:1
FNDA:11,(anonymous_0)
FNDA:0,(anonymous_1)
DA:11,1
DA:21,11
DA:30,11
DA:31,0
DA:34,11
DA:35,11
DA:37,11
LF:7
LH:6
BRDA:14,0,0,4
BRDA:14,1,0,9
BRDA:14,2,0,11
BRDA:14,3,0,11
BRDA:34,4,0,0
BRDA:34,4,1,11
BRDA:39,5,0,0
BRDA:39,5,1,11
BRF:8
BRH:6
end_of_record
TN:
SF:src/components/Label/Label-consts.ts
FNF:0
FNH:0
DA:1,5
LF:1
LH:1
BRF:0
BRH:0
end_of_record
TN:
SF:src/components/Label/Label-controllers.ts
FN:7,(anonymous_0)
FNF:1
FNH:1
FNDA:28,(anonymous_0)
DA:7,5
DA:13,28
DA:15,28
DA:17,28
DA:19,28
DA:21,28
LF:6
LH:6
BRF:0
BRH:0
end_of_record
TN:
SF:src/components/Label/Label-styles.ts
FNF:0
FNH:0
DA:3,5
LF:1
LH:1
BRF:0
BRH:0
end_of_record
TN:
SF:src/components/Label/Label-types.ts
FNF:0
FNH:0
LF:0
LH:0
BRF:0
BRH:0
end_of_record
TN:
SF:src/components/Label/Label.tsx
FN:7,(anonymous_0)
FNF:1
FNH:1
FNDA:28,(anonymous_0)
DA:7,5
DA:10,28
DA:12,28
LF:3
LH:3
BRDA:7,0,0,23
BRDA:7,1,0,15
BRDA:7,2,0,25
BRF:3
BRH:3
end_of_record
TN:
SF:src/components/Label/index.ts
FNF:0
FNH:0
LF:0
LH:0
BRF:0
BRH:0
end_of_record
TN:
SF:src/components/List/Header/Header-consts.ts
FNF:0
FNH:0
DA:1,1
LF:1
LH:1
BRF:0
BRH:0
end_of_record
TN:
SF:src/components/List/Header/Header-controllers.ts
FN:3,(anonymous_0)
FNF:1
FNH:1
FNDA:3,(anonymous_0)
DA:3,1
DA:6,3
DA:8,3
LF:3
LH:3
BRF:0
BRH:0
end_of_record
TN:
SF:src/components/List/Header/Header-styles.ts
FNF:0
FNH:0
DA:3,1
LF:1
LH:1
BRF:0
BRH:0
end_of_record
TN:
SF:src/components/List/Header/Header.tsx
FN:6,(anonymous_0)
FNF:1
FNH:1
FNDA:3,(anonymous_0)
DA:6,1
DA:9,3
DA:11,3
LF:3
LH:3
BRDA:6,0,0,0
BRF:1
BRH:0
end_of_record
TN:
SF:src/components/TempIndicator/TempIndicator-consts.ts
FNF:0
FNH:0
DA:1,1
LF:1
LH:1
BRF:0
BRH:0
end_of_record
TN:
SF:src/components/TempIndicator/TempIndicator-controllers.ts
FN:8,(anonymous_0)
FNF:1
FNH:1
FNDA:4,(anonymous_0)
DA:8,1
DA:11,4
DA:13,4
DA:15,4
LF:4
LH:4
BRF:0
BRH:0
end_of_record
TN:
SF:src/components/TempIndicator/TempIndicator-styles.ts
FNF:0
FNH:0
DA:3,1
LF:1
LH:1
BRF:0
BRH:0
end_of_record
TN:
SF:src/components/TempIndicator/TempIndicator.tsx
FN:11,(anonymous_0)
FNF:1
FNH:1
FNDA:4,(anonymous_0)
DA:11,1
DA:14,4
DA:16,4
LF:3
LH:3
BRF:0
BRH:0
end_of_record
TN:
SF:src/hooks/useConstructor.ts
FN:10,(anonymous_0)
FN:10,(anonymous_1)
FNF:2
FNH:1
FNDA:2,(anonymous_0)
FNDA:0,(anonymous_1)
DA:10,1
DA:11,2
DA:12,2
DA:14,2
DA:16,2
DA:17,2
DA:19,2
LF:7
LH:7
BRDA:10,0,0,0
BRDA:14,1,0,0
BRDA:14,1,1,2
BRF:3
BRH:1
end_of_record
TN:
SF:src/hooks/useInterval.ts
FN:11,(anonymous_0)
FN:11,(anonymous_1)
FN:15,(anonymous_2)
FN:19,(anonymous_3)
FN:20,(anonymous_4)
FN:21,(anonymous_5)
FNF:6
FNH:5
FNDA:2,(anonymous_0)
FNDA:0,(anonymous_1)
FNDA:2,(anonymous_2)
FNDA:2,(anonymous_3)
FNDA:1,(anonymous_4)
FNDA:2,(anonymous_5)
DA:11,1
DA:12,2
DA:13,2
DA:15,2
DA:16,2
DA:19,2
DA:20,2
DA:21,2
DA:24,2
LF:9
LH:9
BRDA:11,0,0,0
BRF:1
BRH:0
end_of_record
TN:
SF:src/hooks/useMounted.ts
FN:9,(anonymous_0)
FN:12,(anonymous_1)
FN:14,(anonymous_2)
FNF:3
FNH:3
FNDA:2,(anonymous_0)
FNDA:2,(anonymous_1)
FNDA:2,(anonymous_2)
DA:9,1
DA:10,2
DA:12,2
DA:13,2
DA:14,2
DA:15,2
DA:19,2
LF:7
LH:7
BRF:0
BRH:0
end_of_record
TN:
SF:src/utils/index.ts
FN:14,(anonymous_0)
FN:18,(anonymous_1)
FN:24,(anonymous_2)
FN:29,(anonymous_3)
FNF:4
FNH:0
FNDA:0,(anonymous_0)
FNDA:0,(anonymous_1)
FNDA:0,(anonymous_2)
FNDA:0,(anonymous_3)
DA:4,1
DA:9,1
DA:14,1
DA:15,0
DA:18,1
DA:19,0
DA:20,0
DA:21,0
DA:24,1
DA:25,0
DA:26,0
DA:29,1
DA:30,0
DA:31,0
LF:14
LH:6
BRDA:14,0,0,0
BRDA:14,1,0,0
BRDA:25,2,0,0
BRDA:25,2,1,0
BRDA:30,3,0,0
BRDA:30,3,1,0
BRF:6
BRH:0
end_of_record
TN:
SF:src/utils/colors/colors-consts.ts
FNF:0
FNH:0
DA:3,1
LF:1
LH:1
BRF:0
BRH:0
end_of_record
TN:
SF:src/utils/date/date-utils.ts
FN:1,(anonymous_0)
FN:5,(anonymous_1)
FN:16,(anonymous_2)
FN:25,(anonymous_3)
FN:29,(anonymous_4)
FNF:5
FNH:2
FNDA:0,(anonymous_0)
FNDA:3,(anonymous_1)
FNDA:0,(anonymous_2)
FNDA:2,(anonymous_3)
FNDA:0,(anonymous_4)
DA:1,1
DA:2,0
DA:5,1
DA:6,3
DA:8,3
DA:10,3
DA:11,3
DA:13,3
DA:16,1
DA:17,0
DA:19,0
DA:20,0
DA:22,0
DA:25,1
DA:26,2
DA:29,1
DA:30,0
DA:32,0
DA:33,0
DA:35,0
DA:36,0
DA:37,0
DA:39,0
DA:40,0
DA:42,0
LF:25
LH:11
BRF:0
BRH:0
end_of_record
TN:
SF:src/utils/style/style-consts.ts
FNF:0
FNH:0
DA:1,6
LF:1
LH:1
BRF:0
BRH:0
end_of_record
TN:
SF:src/utils/style/style-utils.ts
FN:14,(anonymous_0)
FN:35,(anonymous_1)
FNF:2
FNH:2
FNDA:47,(anonymous_0)
FNDA:9,(anonymous_1)
DA:14,6
DA:19,47
DA:20,3
DA:22,3
DA:23,0
DA:24,0
DA:28,3
DA:29,3
DA:30,3
DA:31,3
DA:34,3
DA:35,3
DA:36,9
DA:37,0
DA:45,9
DA:47,3
DA:49,0
DA:51,44
LF:18
LH:14
BRDA:19,0,0,3
BRDA:19,0,1,44
BRDA:19,1,0,47
BRDA:19,1,1,3
BRDA:22,2,0,0
BRDA:22,2,1,3
BRDA:23,3,0,0
BRDA:23,3,1,0
BRDA:28,4,0,3
BRDA:28,4,1,0
BRDA:30,5,0,3
BRDA:30,5,1,0
BRDA:36,6,0,0
BRDA:36,6,1,9
BRF:14
BRH:8
end_of_record
